<?xml version="1.0" encoding="UTF-8"?>
<testng-results ignored="0" total="2" passed="2" failed="0" skipped="0">
  <reporter-output>
  </reporter-output>
  <suite started-at="2023-03-05T13:49:30 IST" name="Suite" finished-at="2023-03-05T13:50:44 IST" duration-ms="73950">
    <groups>
    </groups>
    <test started-at="2023-03-05T13:49:30 IST" name="Test" finished-at="2023-03-05T13:50:44 IST" duration-ms="73950">
      <class name="testcases.TestCase2">
        <test-method is-config="true" signature="beforeTest(java.lang.String,java.lang.String)[pri:0, instance:testcases.TestCase2@17497425]" started-at="2023-03-05T13:49:51 IST" name="beforeTest" finished-at="2023-03-05T13:50:20 IST" duration-ms="28738" status="PASS">
          <params>
            <param index="0">
              <value>
                <![CDATA[https://global.hitachi-solutions.com/]]>
              </value>
            </param>
            <param index="1">
              <value>
                <![CDATA[chrome]]>
              </value>
            </param>
          </params>
          <reporter-output>
          </reporter-output>
        </test-method> <!-- beforeTest -->
        <test-method signature="VerifyHomePage(java.lang.String)[pri:0, instance:testcases.TestCase2@17497425]" started-at="2023-03-05T13:50:37 IST" name="VerifyHomePage" finished-at="2023-03-05T13:50:39 IST" duration-ms="2149" status="PASS">
          <params>
            <param index="0">
              <value>
                <![CDATA[@Insurance]]>
              </value>
            </param>
          </params>
          <reporter-output>
          </reporter-output>
        </test-method> <!-- VerifyHomePage -->
        <test-method is-config="true" signature="afterTest()[pri:0, instance:testcases.TestCase2@17497425]" started-at="2023-03-05T13:50:43 IST" name="afterTest" finished-at="2023-03-05T13:50:44 IST" duration-ms="664" status="PASS">
          <reporter-output>
          </reporter-output>
        </test-method> <!-- afterTest -->
      </class> <!-- testcases.TestCase2 -->
      <class name="testcases.TestCase1">
        <test-method is-config="true" signature="beforeTest(java.lang.String,java.lang.String)[pri:0, instance:testcases.TestCase1@434a63ab]" started-at="2023-03-05T13:49:30 IST" name="beforeTest" finished-at="2023-03-05T13:49:51 IST" duration-ms="21887" status="PASS">
          <params>
            <param index="0">
              <value>
                <![CDATA[https://global.hitachi-solutions.com/]]>
              </value>
            </param>
            <param index="1">
              <value>
                <![CDATA[chrome]]>
              </value>
            </param>
          </params>
          <reporter-output>
          </reporter-output>
        </test-method> <!-- beforeTest -->
        <test-method signature="VerifyHomePage(java.lang.String)[pri:0, instance:testcases.TestCase1@434a63ab]" started-at="2023-03-05T13:50:20 IST" name="VerifyHomePage" finished-at="2023-03-05T13:50:37 IST" duration-ms="16911" status="PASS">
          <params>
            <param index="0">
              <value>
                <![CDATA[Insurance]]>
              </value>
            </param>
          </params>
          <reporter-output>
          </reporter-output>
        </test-method> <!-- VerifyHomePage -->
        <test-method is-config="true" signature="afterTest()[pri:0, instance:testcases.TestCase1@434a63ab]" started-at="2023-03-05T13:50:39 IST" name="afterTest" finished-at="2023-03-05T13:50:43 IST" duration-ms="3535" status="PASS">
          <reporter-output>
          </reporter-output>
        </test-method> <!-- afterTest -->
      </class> <!-- testcases.TestCase1 -->
    </test> <!-- Test -->
  </suite> <!-- Suite -->
</testng-results>
